生成启动时间为 2013/2/28 23:16:33。
     1>项目“F:\大一下\程设\homework\1-4\1-4\1-4.vcxproj”在节点 2 上(build 个目标)。
     1>PrepareForBuild:
         正在创建目录“F:\大一下\程设\homework\1-4\Debug\”。
       InitializeBuildStatus:
         正在创建“Debug\1-4.unsuccessfulbuild”，因为已指定“AlwaysCreate”。
       ClCompile:
         D:\visual c++ 6.0\VC\bin\CL.exe /c /ZI /nologo /W3 /WX- /Od /Oy- /D _MBCS /Gm /EHsc /RTC1 /MDd /GS /fp:precise /Zc:wchar_t /Zc:forScope /Fo"Debug\\" /Fd"Debug\vc100.pdb" /Gd /TP /analyze- /errorReport:prompt "1-4.cpp"
         1-4.cpp
     1>f:\大一下\程设\homework\1-4\1-4\1-4.cpp(7): warning C4244: “=”: 从“double”转换到“int”，可能丢失数据
     1>f:\大一下\程设\homework\1-4\1-4\1-4.cpp(8): warning C4244: “=”: 从“double”转换到“int”，可能丢失数据
       Link:
         D:\visual c++ 6.0\VC\bin\link.exe /ERRORREPORT:PROMPT /OUT:"F:\大一下\程设\homework\1-4\Debug\1-4.exe" /NOLOGO kernel32.lib user32.lib gdi32.lib winspool.lib comdlg32.lib advapi32.lib shell32.lib ole32.lib oleaut32.lib uuid.lib odbc32.lib odbccp32.lib /MANIFEST /ManifestFile:"Debug\1-4.exe.intermediate.manifest" /MANIFESTUAC:"level='asInvoker' uiAccess='false'" /DEBUG /PDB:"F:\大一下\程设\homework\1-4\Debug\1-4.pdb" /TLBID:1 /DYNAMICBASE /NXCOMPAT /IMPLIB:"F:\大一下\程设\homework\1-4\Debug\1-4.lib" /MACHINE:X86 "Debug\1-4.obj"
         1-4.vcxproj -> F:\大一下\程设\homework\1-4\Debug\1-4.exe
       Manifest:
         c:\Program Files (x86)\Microsoft SDKs\Windows\v7.0A\bin\mt.exe /nologo /verbose /outputresource:"F:\大一下\程设\homework\1-4\Debug\1-4.exe;#1" /manifest "Debug\1-4.exe.intermediate.manifest"
       FinalizeBuildStatus:
         正在删除文件“Debug\1-4.unsuccessfulbuild”。
         正在对“Debug\1-4.lastbuildstate”执行 Touch 任务。
     1>已完成生成项目“F:\大一下\程设\homework\1-4\1-4\1-4.vcxproj”(build 个目标)的操作。

生成成功。

已用时间 00:00:10.64
