生成启动时间为 2013/1/29 18:19:18。
     1>项目“F:\大一下\c++练习\1000 A+B Problem\1000 A+B Problem\1000 A+B Problem.vcxproj”在节点 2 上(build 个目标)。
     1>PrepareForBuild:
         正在创建目录“F:\大一下\c++练习\1000 A+B Problem\Debug\”。
       InitializeBuildStatus:
         正在创建“Debug\1000 A+B Problem.unsuccessfulbuild”，因为已指定“AlwaysCreate”。
       ClCompile:
         D:\visual c++ 6.0\VC\bin\CL.exe /c /ZI /nologo /W3 /WX- /Od /Oy- /D _MBCS /Gm /EHsc /RTC1 /MDd /GS /fp:precise /Zc:wchar_t /Zc:forScope /Fo"Debug\\" /Fd"Debug\vc100.pdb" /Gd /TP /analyze- /errorReport:prompt "1000 A+B Problem.cpp"
         1000 A+B Problem.cpp
       Link:
         D:\visual c++ 6.0\VC\bin\link.exe /ERRORREPORT:PROMPT /OUT:"F:\大一下\c++练习\1000 A+B Problem\Debug\1000 A+B Problem.exe" /NOLOGO kernel32.lib user32.lib gdi32.lib winspool.lib comdlg32.lib advapi32.lib shell32.lib ole32.lib oleaut32.lib uuid.lib odbc32.lib odbccp32.lib /MANIFEST /ManifestFile:"Debug\1000 A+B Problem.exe.intermediate.manifest" /MANIFESTUAC:"level='asInvoker' uiAccess='false'" /DEBUG /PDB:"F:\大一下\c++练习\1000 A+B Problem\Debug\1000 A+B Problem.pdb" /TLBID:1 /DYNAMICBASE /NXCOMPAT /IMPLIB:"F:\大一下\c++练习\1000 A+B Problem\Debug\1000 A+B Problem.lib" /MACHINE:X86 "Debug\1000 A+B Problem.obj"
         1000 A+B Problem.vcxproj -> F:\大一下\c++练习\1000 A+B Problem\Debug\1000 A+B Problem.exe
       Manifest:
         c:\Program Files (x86)\Microsoft SDKs\Windows\v7.0A\bin\mt.exe /nologo /verbose /outputresource:"F:\大一下\c++练习\1000 A+B Problem\Debug\1000 A+B Problem.exe;#1" /manifest "Debug\1000 A+B Problem.exe.intermediate.manifest"
       FinalizeBuildStatus:
         正在删除文件“Debug\1000 A+B Problem.unsuccessfulbuild”。
         正在对“Debug\1000 A+B Problem.lastbuildstate”执行 Touch 任务。
     1>已完成生成项目“F:\大一下\c++练习\1000 A+B Problem\1000 A+B Problem\1000 A+B Problem.vcxproj”(build 个目标)的操作。

生成成功。

已用时间 00:00:04.07
