生成启动时间为 2013/3/3 14:06:01。
     1>项目“F:\大一下\程设\homework\hw02\hw02\hw02.vcxproj”在节点 2 上(build 个目标)。
     1>InitializeBuildStatus:
         正在创建“Debug\hw02.unsuccessfulbuild”，因为已指定“AlwaysCreate”。
       ClCompile:
         D:\visual c++ 6.0\VC\bin\CL.exe /c /ZI /nologo /W3 /WX- /Od /Oy- /D _MBCS /Gm /EHsc /RTC1 /MDd /GS /fp:precise /Zc:wchar_t /Zc:forScope /Fo"Debug\\" /Fd"Debug\vc100.pdb" /Gd /TP /analyze- /errorReport:prompt hw02.cpp
         hw02.cpp
     1>f:\大一下\程设\homework\hw02\hw02\hw02.cpp(36): warning C4996: 'strcpy': This function or variable may be unsafe. Consider using strcpy_s instead. To disable deprecation, use _CRT_SECURE_NO_WARNINGS. See online help for details.
                 d:\visual c++ 6.0\vc\include\string.h(105) : 参见“strcpy”的声明
     1>f:\大一下\程设\homework\hw02\hw02\hw02.cpp(67): warning C4996: 'scanf': This function or variable may be unsafe. Consider using scanf_s instead. To disable deprecation, use _CRT_SECURE_NO_WARNINGS. See online help for details.
                 d:\visual c++ 6.0\vc\include\stdio.h(304) : 参见“scanf”的声明
       Link:
         D:\visual c++ 6.0\VC\bin\link.exe /ERRORREPORT:PROMPT /OUT:"F:\大一下\程设\homework\hw02\Debug\hw02.exe" /NOLOGO kernel32.lib user32.lib gdi32.lib winspool.lib comdlg32.lib advapi32.lib shell32.lib ole32.lib oleaut32.lib uuid.lib odbc32.lib odbccp32.lib /MANIFEST /ManifestFile:"Debug\hw02.exe.intermediate.manifest" /MANIFESTUAC:"level='asInvoker' uiAccess='false'" /DEBUG /PDB:"F:\大一下\程设\homework\hw02\Debug\hw02.pdb" /TLBID:1 /DYNAMICBASE /NXCOMPAT /IMPLIB:"F:\大一下\程设\homework\hw02\Debug\hw02.lib" /MACHINE:X86 Debug\hw02.obj
         LINK : 没有找到 F:\大一下\程设\homework\hw02\Debug\hw02.exe 或上一个增量链接没有生成它；正在执行完全链接
         hw02.vcxproj -> F:\大一下\程设\homework\hw02\Debug\hw02.exe
       Manifest:
         c:\Program Files (x86)\Microsoft SDKs\Windows\v7.0A\bin\mt.exe /nologo /verbose /outputresource:"F:\大一下\程设\homework\hw02\Debug\hw02.exe;#1" /manifest Debug\hw02.exe.intermediate.manifest
       FinalizeBuildStatus:
         正在删除文件“Debug\hw02.unsuccessfulbuild”。
         正在对“Debug\hw02.lastbuildstate”执行 Touch 任务。
     1>已完成生成项目“F:\大一下\程设\homework\hw02\hw02\hw02.vcxproj”(build 个目标)的操作。

生成成功。

已用时间 00:00:00.81
