生成启动时间为 2013/6/27 11:20:33。
     1>项目“F:\大一下\程设\homework\6B上台阶\6B上台阶\6B上台阶.vcxproj”在节点 2 上(build 个目标)。
     1>PrepareForBuild:
         正在创建目录“F:\大一下\程设\homework\6B上台阶\Debug\”。
       InitializeBuildStatus:
         正在创建“Debug\6B上台阶.unsuccessfulbuild”，因为已指定“AlwaysCreate”。
       ClCompile:
         D:\visual c++ 6.0\VC\bin\CL.exe /c /ZI /nologo /W3 /WX- /Od /Oy- /D _UNICODE /D UNICODE /Gm /EHsc /RTC1 /MDd /GS /fp:precise /Zc:wchar_t /Zc:forScope /Fo"Debug\\" /Fd"Debug\vc100.pdb" /Gd /TP /analyze- /errorReport:prompt "6B上台阶.cpp"
         6B上台阶.cpp
       Link:
         D:\visual c++ 6.0\VC\bin\link.exe /ERRORREPORT:PROMPT /OUT:"F:\大一下\程设\homework\6B上台阶\Debug\6B上台阶.exe" /NOLOGO kernel32.lib user32.lib gdi32.lib winspool.lib comdlg32.lib advapi32.lib shell32.lib ole32.lib oleaut32.lib uuid.lib odbc32.lib odbccp32.lib /MANIFEST /ManifestFile:"Debug\6B上台阶.exe.intermediate.manifest" /MANIFESTUAC:"level='asInvoker' uiAccess='false'" /DEBUG /PDB:"F:\大一下\程设\homework\6B上台阶\Debug\6B上台阶.pdb" /TLBID:1 /DYNAMICBASE /NXCOMPAT /IMPLIB:"F:\大一下\程设\homework\6B上台阶\Debug\6B上台阶.lib" /MACHINE:X86 "Debug\6B上台阶.obj"
         6B上台阶.vcxproj -> F:\大一下\程设\homework\6B上台阶\Debug\6B上台阶.exe
       Manifest:
         c:\Program Files (x86)\Microsoft SDKs\Windows\v7.0A\bin\mt.exe /nologo /verbose /outputresource:"F:\大一下\程设\homework\6B上台阶\Debug\6B上台阶.exe;#1" /manifest "Debug\6B上台阶.exe.intermediate.manifest"
       FinalizeBuildStatus:
         正在删除文件“Debug\6B上台阶.unsuccessfulbuild”。
         正在对“Debug\6B上台阶.lastbuildstate”执行 Touch 任务。
     1>已完成生成项目“F:\大一下\程设\homework\6B上台阶\6B上台阶\6B上台阶.vcxproj”(build 个目标)的操作。

生成成功。

已用时间 00:00:00.81
