生成启动时间为 2013/6/26 12:30:54。
     1>项目“F:\大一下\程设\homework\2C放苹果\2C放苹果\2C放苹果.vcxproj”在节点 2 上(build 个目标)。
     1>InitializeBuildStatus:
         正在创建“Debug\2C放苹果.unsuccessfulbuild”，因为已指定“AlwaysCreate”。
       ClCompile:
         D:\visual c++ 6.0\VC\bin\CL.exe /c /ZI /nologo /W3 /WX- /Od /Oy- /D _UNICODE /D UNICODE /Gm /EHsc /RTC1 /MDd /GS /fp:precise /Zc:wchar_t /Zc:forScope /Fo"Debug\\" /Fd"Debug\vc100.pdb" /Gd /TP /analyze- /errorReport:prompt "2C放苹果.cpp"
         2C放苹果.cpp
     1>f:\大一下\程设\homework\2c放苹果\2c放苹果\2c放苹果.cpp(33): warning C4715: “cal”: 不是所有的控件路径都返回值
       Link:
         D:\visual c++ 6.0\VC\bin\link.exe /ERRORREPORT:PROMPT /OUT:"F:\大一下\程设\homework\2C放苹果\Debug\2C放苹果.exe" /NOLOGO kernel32.lib user32.lib gdi32.lib winspool.lib comdlg32.lib advapi32.lib shell32.lib ole32.lib oleaut32.lib uuid.lib odbc32.lib odbccp32.lib /MANIFEST /ManifestFile:"Debug\2C放苹果.exe.intermediate.manifest" /MANIFESTUAC:"level='asInvoker' uiAccess='false'" /DEBUG /PDB:"F:\大一下\程设\homework\2C放苹果\Debug\2C放苹果.pdb" /TLBID:1 /DYNAMICBASE /NXCOMPAT /IMPLIB:"F:\大一下\程设\homework\2C放苹果\Debug\2C放苹果.lib" /MACHINE:X86 "Debug\2C放苹果.obj"
         LINK : 没有找到 F:\大一下\程设\homework\2C放苹果\Debug\2C放苹果.exe 或上一个增量链接没有生成它；正在执行完全链接
         2C放苹果.vcxproj -> F:\大一下\程设\homework\2C放苹果\Debug\2C放苹果.exe
       Manifest:
         c:\Program Files (x86)\Microsoft SDKs\Windows\v7.0A\bin\mt.exe /nologo /verbose /outputresource:"F:\大一下\程设\homework\2C放苹果\Debug\2C放苹果.exe;#1" /manifest "Debug\2C放苹果.exe.intermediate.manifest"
       FinalizeBuildStatus:
         正在删除文件“Debug\2C放苹果.unsuccessfulbuild”。
         正在对“Debug\2C放苹果.lastbuildstate”执行 Touch 任务。
     1>已完成生成项目“F:\大一下\程设\homework\2C放苹果\2C放苹果\2C放苹果.vcxproj”(build 个目标)的操作。

生成成功。

已用时间 00:00:00.86
