生成启动时间为 2013/4/22 20:50:47。
     1>项目“F:\大一下\程设\homework\list2\list2\list2.vcxproj”在节点 2 上(build 个目标)。
     1>InitializeBuildStatus:
         正在创建“Release\list2.unsuccessfulbuild”，因为已指定“AlwaysCreate”。
       ClCompile:
         D:\visual c++ 6.0\VC\bin\CL.exe /c /Zi /nologo /W3 /WX- /O2 /Oi /Oy- /GL /D _MBCS /Gm- /EHsc /MD /GS /Gy /fp:precise /Zc:wchar_t /Zc:forScope /Fo"Release\\" /Fd"Release\vc100.pdb" /Gd /TP /analyze- /errorReport:prompt list2.cpp
         list2.cpp
     1>list2.cpp(3): warning C4067: 预处理器指令后有意外标记 - 应输入换行符
       Link:
         D:\visual c++ 6.0\VC\bin\link.exe /ERRORREPORT:PROMPT /OUT:"F:\大一下\程设\homework\list2\Release\list2.exe" /NOLOGO kernel32.lib user32.lib gdi32.lib winspool.lib comdlg32.lib advapi32.lib shell32.lib ole32.lib oleaut32.lib uuid.lib odbc32.lib odbccp32.lib /MANIFEST /ManifestFile:"Release\list2.exe.intermediate.manifest" /MANIFESTUAC:"level='asInvoker' uiAccess='false'" /DEBUG /PDB:"F:\大一下\程设\homework\list2\Release\list2.pdb" /OPT:REF /OPT:ICF /LTCG /TLBID:1 /DYNAMICBASE /NXCOMPAT /IMPLIB:"F:\大一下\程设\homework\list2\Release\list2.lib" /MACHINE:X86 Release\list2.obj
         正在生成代码
         已完成代码的生成
         list2.vcxproj -> F:\大一下\程设\homework\list2\Release\list2.exe
       Manifest:
         c:\Program Files (x86)\Microsoft SDKs\Windows\v7.0A\bin\mt.exe /nologo /verbose /outputresource:"F:\大一下\程设\homework\list2\Release\list2.exe;#1" /manifest Release\list2.exe.intermediate.manifest
       FinalizeBuildStatus:
         正在删除文件“Release\list2.unsuccessfulbuild”。
         正在对“Release\list2.lastbuildstate”执行 Touch 任务。
     1>已完成生成项目“F:\大一下\程设\homework\list2\list2\list2.vcxproj”(build 个目标)的操作。

生成成功。

已用时间 00:00:01.02
