生成启动时间为 2013/6/9 10:07:20。
     1>项目“F:\大一下\程设\homework\1D判断闰年\1D判断闰年\1D判断闰年.vcxproj”在节点 2 上(build 个目标)。
     1>PrepareForBuild:
         正在创建目录“F:\大一下\程设\homework\1D判断闰年\Debug\”。
       InitializeBuildStatus:
         正在创建“Debug\1D判断闰年.unsuccessfulbuild”，因为已指定“AlwaysCreate”。
       ClCompile:
         D:\visual c++ 6.0\VC\bin\CL.exe /c /ZI /nologo /W3 /WX- /Od /Oy- /D _UNICODE /D UNICODE /Gm /EHsc /RTC1 /MDd /GS /fp:precise /Zc:wchar_t /Zc:forScope /Fo"Debug\\" /Fd"Debug\vc100.pdb" /Gd /TP /analyze- /errorReport:prompt "1D判断闰年.cpp"
         1D判断闰年.cpp
       Link:
         D:\visual c++ 6.0\VC\bin\link.exe /ERRORREPORT:PROMPT /OUT:"F:\大一下\程设\homework\1D判断闰年\Debug\1D判断闰年.exe" /NOLOGO kernel32.lib user32.lib gdi32.lib winspool.lib comdlg32.lib advapi32.lib shell32.lib ole32.lib oleaut32.lib uuid.lib odbc32.lib odbccp32.lib /MANIFEST /ManifestFile:"Debug\1D判断闰年.exe.intermediate.manifest" /MANIFESTUAC:"level='asInvoker' uiAccess='false'" /DEBUG /PDB:"F:\大一下\程设\homework\1D判断闰年\Debug\1D判断闰年.pdb" /TLBID:1 /DYNAMICBASE /NXCOMPAT /IMPLIB:"F:\大一下\程设\homework\1D判断闰年\Debug\1D判断闰年.lib" /MACHINE:X86 "Debug\1D判断闰年.obj"
         1D判断闰年.vcxproj -> F:\大一下\程设\homework\1D判断闰年\Debug\1D判断闰年.exe
       Manifest:
         c:\Program Files (x86)\Microsoft SDKs\Windows\v7.0A\bin\mt.exe /nologo /verbose /outputresource:"F:\大一下\程设\homework\1D判断闰年\Debug\1D判断闰年.exe;#1" /manifest "Debug\1D判断闰年.exe.intermediate.manifest"
       FinalizeBuildStatus:
         正在删除文件“Debug\1D判断闰年.unsuccessfulbuild”。
         正在对“Debug\1D判断闰年.lastbuildstate”执行 Touch 任务。
     1>已完成生成项目“F:\大一下\程设\homework\1D判断闰年\1D判断闰年\1D判断闰年.vcxproj”(build 个目标)的操作。

生成成功。

已用时间 00:00:01.01
