生成启动时间为 2013/5/18 13:17:55。
     1>项目“F:\大一下\程设\homework\There's Treasure Everywhere!--nomal\There's Treasure Everywhere!--nomal\There's Treasure Everywhere!--nomal.vcxproj”在节点 2 上(build 个目标)。
     1>InitializeBuildStatus:
         正在创建“Debug\There's Treasure Everywhere!--nomal.unsuccessfulbuild”，因为已指定“AlwaysCreate”。
       ClCompile:
         D:\visual c++ 6.0\VC\bin\CL.exe /c /ZI /nologo /W3 /WX- /Od /Oy- /D _MBCS /Gm /EHsc /RTC1 /MDd /GS /fp:precise /Zc:wchar_t /Zc:forScope /Fo"Debug\\" /Fd"Debug\vc100.pdb" /Gd /TP /analyze- /errorReport:prompt "..\..\There's Treasure Everywhere!--nomal\There's Treasure Everywhere!--nomal\nomal.cpp"
         nomal.cpp
     1>f:\大一下\程设\homework\there's treasure everywhere!--nomal\there's treasure everywhere!--nomal\nomal.cpp(22): warning C4018: “<”: 有符号/无符号不匹配
       Link:
         D:\visual c++ 6.0\VC\bin\link.exe /ERRORREPORT:PROMPT /OUT:"F:\大一下\程设\homework\There's Treasure Everywhere!--nomal\Debug\There's Treasure Everywhere!--nomal.exe" /NOLOGO kernel32.lib user32.lib gdi32.lib winspool.lib comdlg32.lib advapi32.lib shell32.lib ole32.lib oleaut32.lib uuid.lib odbc32.lib odbccp32.lib /MANIFEST /ManifestFile:"Debug\There's Treasure Everywhere!--nomal.exe.intermediate.manifest" /MANIFESTUAC:"level='asInvoker' uiAccess='false'" /DEBUG /PDB:"F:\大一下\程设\homework\There's Treasure Everywhere!--nomal\Debug\There's Treasure Everywhere!--nomal.pdb" /TLBID:1 /DYNAMICBASE /NXCOMPAT /IMPLIB:"F:\大一下\程设\homework\There's Treasure Everywhere!--nomal\Debug\There's Treasure Everywhere!--nomal.lib" /MACHINE:X86 Debug\nomal.obj
         LINK : 没有找到 F:\大一下\程设\homework\There's Treasure Everywhere!--nomal\Debug\There's Treasure Everywhere!--nomal.exe 或上一个增量链接没有生成它；正在执行完全链接
         There's Treasure Everywhere!--nomal.vcxproj -> F:\大一下\程设\homework\There's Treasure Everywhere!--nomal\Debug\There's Treasure Everywhere!--nomal.exe
       Manifest:
         c:\Program Files (x86)\Microsoft SDKs\Windows\v7.0A\bin\mt.exe /nologo /verbose /outputresource:"F:\大一下\程设\homework\There's Treasure Everywhere!--nomal\Debug\There's Treasure Everywhere!--nomal.exe;#1" /manifest "Debug\There's Treasure Everywhere!--nomal.exe.intermediate.manifest"
       FinalizeBuildStatus:
         正在删除文件“Debug\There's Treasure Everywhere!--nomal.unsuccessfulbuild”。
         正在对“Debug\There's Treasure Everywhere!--nomal.lastbuildstate”执行 Touch 任务。
     1>已完成生成项目“F:\大一下\程设\homework\There's Treasure Everywhere!--nomal\There's Treasure Everywhere!--nomal\There's Treasure Everywhere!--nomal.vcxproj”(build 个目标)的操作。

生成成功。

已用时间 00:00:00.98
