生成启动时间为 2013/5/21 22:00:51。
     1>项目“F:\大一下\程设\homework\Simple prefix compression\Simple prefix compression\Simple prefix compression.vcxproj”在节点 2 上(build 个目标)。
     1>InitializeBuildStatus:
         正在创建“Debug\Simple prefix compression.unsuccessfulbuild”，因为已指定“AlwaysCreate”。
       ClCompile:
         D:\visual c++ 6.0\VC\bin\CL.exe /c /ZI /nologo /W3 /WX- /Od /Oy- /D _MBCS /Gm /EHsc /RTC1 /MDd /GS /fp:precise /Zc:wchar_t /Zc:forScope /Fo"Debug\\" /Fd"Debug\vc100.pdb" /Gd /TP /analyze- /errorReport:prompt "Simple prefix compression.cpp"
         Simple prefix compression.cpp
     1>f:\大一下\程设\homework\simple prefix compression\simple prefix compression\simple prefix compression.cpp(17): warning C4018: “>=”: 有符号/无符号不匹配
     1>f:\大一下\程设\homework\simple prefix compression\simple prefix compression\simple prefix compression.cpp(17): warning C4018: “>=”: 有符号/无符号不匹配
       Link:
         D:\visual c++ 6.0\VC\bin\link.exe /ERRORREPORT:PROMPT /OUT:"F:\大一下\程设\homework\Simple prefix compression\Debug\Simple prefix compression.exe" /NOLOGO kernel32.lib user32.lib gdi32.lib winspool.lib comdlg32.lib advapi32.lib shell32.lib ole32.lib oleaut32.lib uuid.lib odbc32.lib odbccp32.lib /MANIFEST /ManifestFile:"Debug\Simple prefix compression.exe.intermediate.manifest" /MANIFESTUAC:"level='asInvoker' uiAccess='false'" /DEBUG /PDB:"F:\大一下\程设\homework\Simple prefix compression\Debug\Simple prefix compression.pdb" /TLBID:1 /DYNAMICBASE /NXCOMPAT /IMPLIB:"F:\大一下\程设\homework\Simple prefix compression\Debug\Simple prefix compression.lib" /MACHINE:X86 "Debug\Simple prefix compression.obj"
         LINK : 没有找到 F:\大一下\程设\homework\Simple prefix compression\Debug\Simple prefix compression.exe 或上一个增量链接没有生成它；正在执行完全链接
         Simple prefix compression.vcxproj -> F:\大一下\程设\homework\Simple prefix compression\Debug\Simple prefix compression.exe
       Manifest:
         c:\Program Files (x86)\Microsoft SDKs\Windows\v7.0A\bin\mt.exe /nologo /verbose /outputresource:"F:\大一下\程设\homework\Simple prefix compression\Debug\Simple prefix compression.exe;#1" /manifest "Debug\Simple prefix compression.exe.intermediate.manifest"
       FinalizeBuildStatus:
         正在删除文件“Debug\Simple prefix compression.unsuccessfulbuild”。
         正在对“Debug\Simple prefix compression.lastbuildstate”执行 Touch 任务。
     1>已完成生成项目“F:\大一下\程设\homework\Simple prefix compression\Simple prefix compression\Simple prefix compression.vcxproj”(build 个目标)的操作。

生成成功。

已用时间 00:00:00.87
