生成启动时间为 2013/4/22 20:48:01。
     1>项目“F:\大一下\程设\homework\list2\list2\list2.vcxproj”在节点 2 上(build 个目标)。
     1>InitializeBuildStatus:
         正在创建“Debug\list2.unsuccessfulbuild”，因为已指定“AlwaysCreate”。
       ClCompile:
         D:\visual c++ 6.0\VC\bin\CL.exe /c /ZI /nologo /W3 /WX- /Od /Oy- /D _MBCS /Gm /EHsc /RTC1 /MDd /GS /fp:precise /Zc:wchar_t /Zc:forScope /Fo"Debug\\" /Fd"Debug\vc100.pdb" /Gd /TP /analyze- /errorReport:prompt list2.cpp
         list2.cpp
     1>f:\大一下\程设\homework\list2\list2\list2.cpp(3): warning C4067: 预处理器指令后有意外标记 - 应输入换行符
     1>f:\大一下\程设\homework\list2\list2\list2.cpp(59): warning C4154: 删除数组表达式；转换到提供的指针
       Link:
         D:\visual c++ 6.0\VC\bin\link.exe /ERRORREPORT:PROMPT /OUT:"F:\大一下\程设\homework\list2\Debug\list2.exe" /NOLOGO kernel32.lib user32.lib gdi32.lib winspool.lib comdlg32.lib advapi32.lib shell32.lib ole32.lib oleaut32.lib uuid.lib odbc32.lib odbccp32.lib /MANIFEST /ManifestFile:"Debug\list2.exe.intermediate.manifest" /MANIFESTUAC:"level='asInvoker' uiAccess='false'" /DEBUG /PDB:"F:\大一下\程设\homework\list2\Debug\list2.pdb" /TLBID:1 /DYNAMICBASE /NXCOMPAT /IMPLIB:"F:\大一下\程设\homework\list2\Debug\list2.lib" /MACHINE:X86 Debug\list2.obj
         LINK : 没有找到 F:\大一下\程设\homework\list2\Debug\list2.exe 或上一个增量链接没有生成它；正在执行完全链接
         list2.vcxproj -> F:\大一下\程设\homework\list2\Debug\list2.exe
       Manifest:
         c:\Program Files (x86)\Microsoft SDKs\Windows\v7.0A\bin\mt.exe /nologo /verbose /outputresource:"F:\大一下\程设\homework\list2\Debug\list2.exe;#1" /manifest Debug\list2.exe.intermediate.manifest
       FinalizeBuildStatus:
         正在删除文件“Debug\list2.unsuccessfulbuild”。
         正在对“Debug\list2.lastbuildstate”执行 Touch 任务。
     1>已完成生成项目“F:\大一下\程设\homework\list2\list2\list2.vcxproj”(build 个目标)的操作。

生成成功。

已用时间 00:00:01.00
