生成启动时间为 2013/5/19 10:48:09。
     1>项目“F:\大一下\程设\homework\colock\colock\colock.vcxproj”在节点 2 上(build 个目标)。
     1>InitializeBuildStatus:
         正在创建“Debug\colock.unsuccessfulbuild”，因为已指定“AlwaysCreate”。
       ClCompile:
         D:\visual c++ 6.0\VC\bin\CL.exe /c /ZI /nologo /W3 /WX- /Od /Oy- /D _MBCS /Gm /EHsc /RTC1 /MDd /GS /fp:precise /Zc:wchar_t /Zc:forScope /Fo"Debug\\" /Fd"Debug\vc100.pdb" /Gd /TP /analyze- /errorReport:prompt clock.cpp
         clock.cpp
     1>f:\大一下\程设\homework\colock\colock\clock.cpp(16): warning C4244: “初始化”: 从“double”转换到“int”，可能丢失数据
       Link:
         D:\visual c++ 6.0\VC\bin\link.exe /ERRORREPORT:PROMPT /OUT:"F:\大一下\程设\homework\colock\Debug\colock.exe" /NOLOGO kernel32.lib user32.lib gdi32.lib winspool.lib comdlg32.lib advapi32.lib shell32.lib ole32.lib oleaut32.lib uuid.lib odbc32.lib odbccp32.lib /MANIFEST /ManifestFile:"Debug\colock.exe.intermediate.manifest" /MANIFESTUAC:"level='asInvoker' uiAccess='false'" /DEBUG /PDB:"F:\大一下\程设\homework\colock\Debug\colock.pdb" /TLBID:1 /DYNAMICBASE /NXCOMPAT /IMPLIB:"F:\大一下\程设\homework\colock\Debug\colock.lib" /MACHINE:X86 Debug\clock.obj
         LINK : 没有找到 F:\大一下\程设\homework\colock\Debug\colock.exe 或上一个增量链接没有生成它；正在执行完全链接
         colock.vcxproj -> F:\大一下\程设\homework\colock\Debug\colock.exe
       Manifest:
         c:\Program Files (x86)\Microsoft SDKs\Windows\v7.0A\bin\mt.exe /nologo /verbose /outputresource:"F:\大一下\程设\homework\colock\Debug\colock.exe;#1" /manifest Debug\colock.exe.intermediate.manifest
       FinalizeBuildStatus:
         正在删除文件“Debug\colock.unsuccessfulbuild”。
         正在对“Debug\colock.lastbuildstate”执行 Touch 任务。
     1>已完成生成项目“F:\大一下\程设\homework\colock\colock\colock.vcxproj”(build 个目标)的操作。

生成成功。

已用时间 00:00:00.92
