生成启动时间为 2013/12/18 22:51:28。
     1>项目“F:\大二上\数据结构与算法\Snowflake\Snowflake\Snowflake.vcxproj”在节点 2 上(build 个目标)。
     1>PrepareForBuild:
         正在创建目录“F:\大二上\数据结构与算法\Snowflake\Debug\”。
       InitializeBuildStatus:
         正在创建“Debug\Snowflake.unsuccessfulbuild”，因为已指定“AlwaysCreate”。
       ClCompile:
         D:\visual c++ 6.0\VC\bin\CL.exe /c /ZI /nologo /W3 /WX- /Od /Oy- /D _MBCS /Gm /EHsc /RTC1 /MDd /GS /fp:precise /Zc:wchar_t /Zc:forScope /Fo"Debug\\" /Fd"Debug\vc100.pdb" /Gd /TP /analyze- /errorReport:prompt Snowflake.cpp
         Snowflake.cpp
     1>f:\大二上\数据结构与算法\snowflake\snowflake\snowflake.cpp(50): warning C4018: “<”: 有符号/无符号不匹配
     1>f:\大二上\数据结构与算法\snowflake\snowflake\snowflake.cpp(52): warning C4018: “<”: 有符号/无符号不匹配
     1>f:\大二上\数据结构与算法\snowflake\snowflake\snowflake.cpp(68): warning C4996: 'scanf': This function or variable may be unsafe. Consider using scanf_s instead. To disable deprecation, use _CRT_SECURE_NO_WARNINGS. See online help for details.
                 d:\visual c++ 6.0\vc\include\stdio.h(304) : 参见“scanf”的声明
     1>f:\大二上\数据结构与算法\snowflake\snowflake\snowflake.cpp(74): warning C4996: 'scanf': This function or variable may be unsafe. Consider using scanf_s instead. To disable deprecation, use _CRT_SECURE_NO_WARNINGS. See online help for details.
                 d:\visual c++ 6.0\vc\include\stdio.h(304) : 参见“scanf”的声明
       Link:
         D:\visual c++ 6.0\VC\bin\link.exe /ERRORREPORT:PROMPT /OUT:"F:\大二上\数据结构与算法\Snowflake\Debug\Snowflake.exe" /NOLOGO kernel32.lib user32.lib gdi32.lib winspool.lib comdlg32.lib advapi32.lib shell32.lib ole32.lib oleaut32.lib uuid.lib odbc32.lib odbccp32.lib /MANIFEST /ManifestFile:"Debug\Snowflake.exe.intermediate.manifest" /MANIFESTUAC:"level='asInvoker' uiAccess='false'" /DEBUG /PDB:"F:\大二上\数据结构与算法\Snowflake\Debug\Snowflake.pdb" /TLBID:1 /DYNAMICBASE /NXCOMPAT /IMPLIB:"F:\大二上\数据结构与算法\Snowflake\Debug\Snowflake.lib" /MACHINE:X86 Debug\Snowflake.obj
         Snowflake.vcxproj -> F:\大二上\数据结构与算法\Snowflake\Debug\Snowflake.exe
       Manifest:
         c:\Program Files (x86)\Microsoft SDKs\Windows\v7.0A\bin\mt.exe /nologo /verbose /outputresource:"F:\大二上\数据结构与算法\Snowflake\Debug\Snowflake.exe;#1" /manifest Debug\Snowflake.exe.intermediate.manifest
       FinalizeBuildStatus:
         正在删除文件“Debug\Snowflake.unsuccessfulbuild”。
         正在对“Debug\Snowflake.lastbuildstate”执行 Touch 任务。
     1>已完成生成项目“F:\大二上\数据结构与算法\Snowflake\Snowflake\Snowflake.vcxproj”(build 个目标)的操作。

生成成功。

已用时间 00:00:02.63
