生成启动时间为 2013/1/29 21:50:18。
     1>项目“F:\大一下\c++练习\1001 Exponentiation\1001 Exponentiation\1001 Exponentiation.vcxproj”在节点 2 上(build 个目标)。
     1>InitializeBuildStatus:
         正在创建“Debug\1001 Exponentiation.unsuccessfulbuild”，因为已指定“AlwaysCreate”。
       ClCompile:
         D:\visual c++ 6.0\VC\bin\CL.exe /c /ZI /nologo /W3 /WX- /Od /Oy- /D _MBCS /Gm /EHsc /RTC1 /MDd /GS /fp:precise /Zc:wchar_t /Zc:forScope /Fo"Debug\\" /Fd"Debug\vc100.pdb" /Gd /TP /analyze- /errorReport:prompt "1001 Exponentiation.cpp"
         1001 Exponentiation.cpp
     1>f:\大一下\c++练习\1001 exponentiation\1001 exponentiation\1001 exponentiation.cpp(98): warning C4996: 'strcpy': This function or variable may be unsafe. Consider using strcpy_s instead. To disable deprecation, use _CRT_SECURE_NO_WARNINGS. See online help for details.
                 d:\visual c++ 6.0\vc\include\string.h(105) : 参见“strcpy”的声明
     1>f:\大一下\c++练习\1001 exponentiation\1001 exponentiation\1001 exponentiation.cpp(135): warning C4996: 'strcpy': This function or variable may be unsafe. Consider using strcpy_s instead. To disable deprecation, use _CRT_SECURE_NO_WARNINGS. See online help for details.
                 d:\visual c++ 6.0\vc\include\string.h(105) : 参见“strcpy”的声明
       Link:
         D:\visual c++ 6.0\VC\bin\link.exe /ERRORREPORT:PROMPT /OUT:"F:\大一下\c++练习\1001 Exponentiation\Debug\1001 Exponentiation.exe" /NOLOGO kernel32.lib user32.lib gdi32.lib winspool.lib comdlg32.lib advapi32.lib shell32.lib ole32.lib oleaut32.lib uuid.lib odbc32.lib odbccp32.lib /MANIFEST /ManifestFile:"Debug\1001 Exponentiation.exe.intermediate.manifest" /MANIFESTUAC:"level='asInvoker' uiAccess='false'" /DEBUG /PDB:"F:\大一下\c++练习\1001 Exponentiation\Debug\1001 Exponentiation.pdb" /TLBID:1 /DYNAMICBASE /NXCOMPAT /IMPLIB:"F:\大一下\c++练习\1001 Exponentiation\Debug\1001 Exponentiation.lib" /MACHINE:X86 "Debug\1001 Exponentiation.obj"
         LINK : 没有找到 F:\大一下\c++练习\1001 Exponentiation\Debug\1001 Exponentiation.exe 或上一个增量链接没有生成它；正在执行完全链接
         1001 Exponentiation.vcxproj -> F:\大一下\c++练习\1001 Exponentiation\Debug\1001 Exponentiation.exe
       Manifest:
         c:\Program Files (x86)\Microsoft SDKs\Windows\v7.0A\bin\mt.exe /nologo /verbose /outputresource:"F:\大一下\c++练习\1001 Exponentiation\Debug\1001 Exponentiation.exe;#1" /manifest "Debug\1001 Exponentiation.exe.intermediate.manifest"
       FinalizeBuildStatus:
         正在删除文件“Debug\1001 Exponentiation.unsuccessfulbuild”。
         正在对“Debug\1001 Exponentiation.lastbuildstate”执行 Touch 任务。
     1>已完成生成项目“F:\大一下\c++练习\1001 Exponentiation\1001 Exponentiation\1001 Exponentiation.vcxproj”(build 个目标)的操作。

生成成功。

已用时间 00:00:00.84
