生成启动时间为 2014/1/7 18:57:13。
     1>项目“F:\大二上\数据结构与算法\倒排索引查询\倒排索引查询\倒排索引查询.vcxproj”在节点 2 上(build 个目标)。
     1>PrepareForBuild:
         正在创建目录“F:\大二上\数据结构与算法\倒排索引查询\Debug\”。
       InitializeBuildStatus:
         正在创建“Debug\倒排索引查询.unsuccessfulbuild”，因为已指定“AlwaysCreate”。
       ClCompile:
         D:\visual c++ 6.0\VC\bin\CL.exe /c /ZI /nologo /W3 /WX- /Od /Oy- /D _UNICODE /D UNICODE /Gm /EHsc /RTC1 /MDd /GS /fp:precise /Zc:wchar_t /Zc:forScope /Fo"Debug\\" /Fd"Debug\vc100.pdb" /Gd /TP /analyze- /errorReport:prompt "倒排索引查询.cpp"
         倒排索引查询.cpp
     1>f:\大二上\数据结构与算法\倒排索引查询\倒排索引查询\倒排索引查询.cpp(21): warning C4996: 'scanf': This function or variable may be unsafe. Consider using scanf_s instead. To disable deprecation, use _CRT_SECURE_NO_WARNINGS. See online help for details.
                 d:\visual c++ 6.0\vc\include\stdio.h(304) : 参见“scanf”的声明
     1>f:\大二上\数据结构与算法\倒排索引查询\倒排索引查询\倒排索引查询.cpp(24): warning C4996: 'scanf': This function or variable may be unsafe. Consider using scanf_s instead. To disable deprecation, use _CRT_SECURE_NO_WARNINGS. See online help for details.
                 d:\visual c++ 6.0\vc\include\stdio.h(304) : 参见“scanf”的声明
     1>f:\大二上\数据结构与算法\倒排索引查询\倒排索引查询\倒排索引查询.cpp(27): warning C4996: 'scanf': This function or variable may be unsafe. Consider using scanf_s instead. To disable deprecation, use _CRT_SECURE_NO_WARNINGS. See online help for details.
                 d:\visual c++ 6.0\vc\include\stdio.h(304) : 参见“scanf”的声明
     1>f:\大二上\数据结构与算法\倒排索引查询\倒排索引查询\倒排索引查询.cpp(41): warning C4996: 'scanf': This function or variable may be unsafe. Consider using scanf_s instead. To disable deprecation, use _CRT_SECURE_NO_WARNINGS. See online help for details.
                 d:\visual c++ 6.0\vc\include\stdio.h(304) : 参见“scanf”的声明
     1>f:\大二上\数据结构与算法\倒排索引查询\倒排索引查询\倒排索引查询.cpp(48): warning C4996: 'scanf': This function or variable may be unsafe. Consider using scanf_s instead. To disable deprecation, use _CRT_SECURE_NO_WARNINGS. See online help for details.
                 d:\visual c++ 6.0\vc\include\stdio.h(304) : 参见“scanf”的声明
       Link:
         D:\visual c++ 6.0\VC\bin\link.exe /ERRORREPORT:PROMPT /OUT:"F:\大二上\数据结构与算法\倒排索引查询\Debug\倒排索引查询.exe" /NOLOGO kernel32.lib user32.lib gdi32.lib winspool.lib comdlg32.lib advapi32.lib shell32.lib ole32.lib oleaut32.lib uuid.lib odbc32.lib odbccp32.lib /MANIFEST /ManifestFile:"Debug\倒排索引查询.exe.intermediate.manifest" /MANIFESTUAC:"level='asInvoker' uiAccess='false'" /DEBUG /PDB:"F:\大二上\数据结构与算法\倒排索引查询\Debug\倒排索引查询.pdb" /TLBID:1 /DYNAMICBASE /NXCOMPAT /IMPLIB:"F:\大二上\数据结构与算法\倒排索引查询\Debug\倒排索引查询.lib" /MACHINE:X86 "Debug\倒排索引查询.obj"
         倒排索引查询.vcxproj -> F:\大二上\数据结构与算法\倒排索引查询\Debug\倒排索引查询.exe
       Manifest:
         c:\Program Files (x86)\Microsoft SDKs\Windows\v7.0A\bin\mt.exe /nologo /verbose /outputresource:"F:\大二上\数据结构与算法\倒排索引查询\Debug\倒排索引查询.exe;#1" /manifest "Debug\倒排索引查询.exe.intermediate.manifest"
       FinalizeBuildStatus:
         正在删除文件“Debug\倒排索引查询.unsuccessfulbuild”。
         正在对“Debug\倒排索引查询.lastbuildstate”执行 Touch 任务。
     1>已完成生成项目“F:\大二上\数据结构与算法\倒排索引查询\倒排索引查询\倒排索引查询.vcxproj”(build 个目标)的操作。

生成成功。

已用时间 00:00:02.82
