生成启动时间为 2013/2/7 20:55:31。
     1>项目“F:\大一下\c++练习\2262 Goldbach's Conjecture\2262 Goldbach's Conjecture\2262 Goldbach's Conjecture.vcxproj”在节点 2 上(build 个目标)。
     1>InitializeBuildStatus:
         正在创建“Debug\2262 Goldbach's Conjecture.unsuccessfulbuild”，因为已指定“AlwaysCreate”。
       ClCompile:
         D:\visual c++ 6.0\VC\bin\CL.exe /c /ZI /nologo /W3 /WX- /Od /Oy- /D _MBCS /Gm /EHsc /RTC1 /MDd /GS /fp:precise /Zc:wchar_t /Zc:forScope /Fo"Debug\\" /Fd"Debug\vc100.pdb" /Gd /TP /analyze- /errorReport:prompt "..\..\2262 Goldbach's Conjecture\2262 Goldbach's Conjecture\2262 Goldbach's Conjecture.cpp"
         2262 Goldbach's Conjecture.cpp
     1>f:\大一下\c++练习\2262 goldbach's conjecture\2262 goldbach's conjecture\2262 goldbach's conjecture.cpp(11): warning C4244: “=”: 从“double”转换到“int”，可能丢失数据
       Link:
         D:\visual c++ 6.0\VC\bin\link.exe /ERRORREPORT:PROMPT /OUT:"F:\大一下\c++练习\2262 Goldbach's Conjecture\Debug\2262 Goldbach's Conjecture.exe" /NOLOGO kernel32.lib user32.lib gdi32.lib winspool.lib comdlg32.lib advapi32.lib shell32.lib ole32.lib oleaut32.lib uuid.lib odbc32.lib odbccp32.lib /MANIFEST /ManifestFile:"Debug\2262 Goldbach's Conjecture.exe.intermediate.manifest" /MANIFESTUAC:"level='asInvoker' uiAccess='false'" /DEBUG /PDB:"F:\大一下\c++练习\2262 Goldbach's Conjecture\Debug\2262 Goldbach's Conjecture.pdb" /TLBID:1 /DYNAMICBASE /NXCOMPAT /IMPLIB:"F:\大一下\c++练习\2262 Goldbach's Conjecture\Debug\2262 Goldbach's Conjecture.lib" /MACHINE:X86 "Debug\2262 Goldbach's Conjecture.obj"
         LINK : 没有找到 F:\大一下\c++练习\2262 Goldbach's Conjecture\Debug\2262 Goldbach's Conjecture.exe 或上一个增量链接没有生成它；正在执行完全链接
         2262 Goldbach's Conjecture.vcxproj -> F:\大一下\c++练习\2262 Goldbach's Conjecture\Debug\2262 Goldbach's Conjecture.exe
       Manifest:
         c:\Program Files (x86)\Microsoft SDKs\Windows\v7.0A\bin\mt.exe /nologo /verbose /outputresource:"F:\大一下\c++练习\2262 Goldbach's Conjecture\Debug\2262 Goldbach's Conjecture.exe;#1" /manifest "Debug\2262 Goldbach's Conjecture.exe.intermediate.manifest"
       FinalizeBuildStatus:
         正在删除文件“Debug\2262 Goldbach's Conjecture.unsuccessfulbuild”。
         正在对“Debug\2262 Goldbach's Conjecture.lastbuildstate”执行 Touch 任务。
     1>已完成生成项目“F:\大一下\c++练习\2262 Goldbach's Conjecture\2262 Goldbach's Conjecture\2262 Goldbach's Conjecture.vcxproj”(build 个目标)的操作。

生成成功。

已用时间 00:00:00.88
