生成启动时间为 2013/6/2 16:49:41。
     1>项目“F:\大一下\程设\homework\2A求平均年龄\2A求平均年龄\2A求平均年龄.vcxproj”在节点 2 上(build 个目标)。
     1>PrepareForBuild:
         正在创建目录“F:\大一下\程设\homework\2A求平均年龄\Debug\”。
       InitializeBuildStatus:
         正在创建“Debug\2A求平均年龄.unsuccessfulbuild”，因为已指定“AlwaysCreate”。
       ClCompile:
         D:\visual c++ 6.0\VC\bin\CL.exe /c /ZI /nologo /W3 /WX- /Od /Oy- /D _UNICODE /D UNICODE /Gm /EHsc /RTC1 /MDd /GS /fp:precise /Zc:wchar_t /Zc:forScope /Fo"Debug\\" /Fd"Debug\vc100.pdb" /Gd /TP /analyze- /errorReport:prompt "2A求平均年龄.cpp"
         2A求平均年龄.cpp
     1>f:\大一下\程设\homework\2a求平均年龄\2a求平均年龄\2a求平均年龄.cpp(9): warning C4996: 'scanf': This function or variable may be unsafe. Consider using scanf_s instead. To disable deprecation, use _CRT_SECURE_NO_WARNINGS. See online help for details.
                 d:\visual c++ 6.0\vc\include\stdio.h(304) : 参见“scanf”的声明
     1>f:\大一下\程设\homework\2a求平均年龄\2a求平均年龄\2a求平均年龄.cpp(13): warning C4996: 'scanf': This function or variable may be unsafe. Consider using scanf_s instead. To disable deprecation, use _CRT_SECURE_NO_WARNINGS. See online help for details.
                 d:\visual c++ 6.0\vc\include\stdio.h(304) : 参见“scanf”的声明
       Link:
         D:\visual c++ 6.0\VC\bin\link.exe /ERRORREPORT:PROMPT /OUT:"F:\大一下\程设\homework\2A求平均年龄\Debug\2A求平均年龄.exe" /NOLOGO kernel32.lib user32.lib gdi32.lib winspool.lib comdlg32.lib advapi32.lib shell32.lib ole32.lib oleaut32.lib uuid.lib odbc32.lib odbccp32.lib /MANIFEST /ManifestFile:"Debug\2A求平均年龄.exe.intermediate.manifest" /MANIFESTUAC:"level='asInvoker' uiAccess='false'" /DEBUG /PDB:"F:\大一下\程设\homework\2A求平均年龄\Debug\2A求平均年龄.pdb" /TLBID:1 /DYNAMICBASE /NXCOMPAT /IMPLIB:"F:\大一下\程设\homework\2A求平均年龄\Debug\2A求平均年龄.lib" /MACHINE:X86 "Debug\2A求平均年龄.obj"
         2A求平均年龄.vcxproj -> F:\大一下\程设\homework\2A求平均年龄\Debug\2A求平均年龄.exe
       Manifest:
         c:\Program Files (x86)\Microsoft SDKs\Windows\v7.0A\bin\mt.exe /nologo /verbose /outputresource:"F:\大一下\程设\homework\2A求平均年龄\Debug\2A求平均年龄.exe;#1" /manifest "Debug\2A求平均年龄.exe.intermediate.manifest"
       FinalizeBuildStatus:
         正在删除文件“Debug\2A求平均年龄.unsuccessfulbuild”。
         正在对“Debug\2A求平均年龄.lastbuildstate”执行 Touch 任务。
     1>已完成生成项目“F:\大一下\程设\homework\2A求平均年龄\2A求平均年龄\2A求平均年龄.vcxproj”(build 个目标)的操作。

生成成功。

已用时间 00:00:04.28
