生成启动时间为 2013/12/20 9:06:54。
     1>项目“F:\大二上\数据结构与算法\English-Number Translator\English-Number Translator\English-Number Translator.vcxproj”在节点 2 上(build 个目标)。
     1>InitializeBuildStatus:
         正在对“Debug\English-Number Translator.unsuccessfulbuild”执行 Touch 任务。
       ClCompile:
         D:\visual c++ 6.0\VC\bin\CL.exe /c /ZI /nologo /W3 /WX- /Od /Oy- /D _MBCS /Gm /EHsc /RTC1 /MDd /GS /fp:precise /Zc:wchar_t /Zc:forScope /Fo"Debug\\" /Fd"Debug\vc100.pdb" /Gd /TP /analyze- /errorReport:prompt "English-Number Translator.cpp"
         English-Number Translator.cpp
     1>f:\大二上\数据结构与算法\english-number translator\english-number translator\english-number translator.cpp(16): warning C4996: 'strcpy': This function or variable may be unsafe. Consider using strcpy_s instead. To disable deprecation, use _CRT_SECURE_NO_WARNINGS. See online help for details.
                 d:\visual c++ 6.0\vc\include\string.h(105) : 参见“strcpy”的声明
       Link:
         D:\visual c++ 6.0\VC\bin\link.exe /ERRORREPORT:PROMPT /OUT:"F:\大二上\数据结构与算法\English-Number Translator\Debug\English-Number Translator.exe" /NOLOGO kernel32.lib user32.lib gdi32.lib winspool.lib comdlg32.lib advapi32.lib shell32.lib ole32.lib oleaut32.lib uuid.lib odbc32.lib odbccp32.lib /MANIFEST /ManifestFile:"Debug\English-Number Translator.exe.intermediate.manifest" /MANIFESTUAC:"level='asInvoker' uiAccess='false'" /DEBUG /PDB:"F:\大二上\数据结构与算法\English-Number Translator\Debug\English-Number Translator.pdb" /TLBID:1 /DYNAMICBASE /NXCOMPAT /IMPLIB:"F:\大二上\数据结构与算法\English-Number Translator\Debug\English-Number Translator.lib" /MACHINE:X86 "Debug\English-Number Translator.obj"
         LINK : 没有找到 F:\大二上\数据结构与算法\English-Number Translator\Debug\English-Number Translator.exe 或上一个增量链接没有生成它；正在执行完全链接
         English-Number Translator.vcxproj -> F:\大二上\数据结构与算法\English-Number Translator\Debug\English-Number Translator.exe
       Manifest:
         c:\Program Files (x86)\Microsoft SDKs\Windows\v7.0A\bin\mt.exe /nologo /verbose /outputresource:"F:\大二上\数据结构与算法\English-Number Translator\Debug\English-Number Translator.exe;#1" /manifest "Debug\English-Number Translator.exe.intermediate.manifest"
       FinalizeBuildStatus:
         正在删除文件“Debug\English-Number Translator.unsuccessfulbuild”。
         正在对“Debug\English-Number Translator.lastbuildstate”执行 Touch 任务。
     1>已完成生成项目“F:\大二上\数据结构与算法\English-Number Translator\English-Number Translator\English-Number Translator.vcxproj”(build 个目标)的操作。

生成成功。

已用时间 00:00:05.25
